Start at: Sat Jun 21 17:45:57 2025 at: 4U-GPU-Server
===Prepare data===
Load backdoor config:
{'poison_ratio': 0.1, 'target_label': 1, 'badnets': {'trigger_path': './data/trigger/cifar_2.png'}}
Training transformations:
 {'pre': Compose(
), 'primary': Compose(
    RandomCrop(size=(32, 32), padding=4)
    RandomHorizontalFlip(p=0.5)
), 'remaining': Compose(
    ToTensor()
)}
Test transformations:
 {'pre': Compose(
), 'primary': Compose(
), 'remaining': Compose(
    ToTensor()
)}
Load dataset from: /data/mml/dataset/cifar-10-batches-py
Save poisoned index to ./saved_data/baseline_asd/poison_idx.npy

===Setup training===
Create network: {'resnet18_cifar': {'num_classes': 10}}
Create criterion: CrossEntropyLoss() for test
Create criterion: SCELoss() for data split
Create criterion: MixMatchLoss() for semi-training
Create optimizer: Adam (
Parameter Group 0
    amsgrad: False
    betas: (0.9, 0.999)
    capturable: False
    differentiable: False
    eps: 1e-08
    foreach: None
    fused: None
    lr: 0.002
    maximize: False
    weight_decay: 0
)
Create scheduler: None
Training from scratch.
===Epoch: 1/120===
